28/10/2025 19:53:40 | Felipe: Livro 'Branca de neve' emprestado.
28/10/2025 19:53:40 | Felipe: Livro 'Tropa de elite' emprestado.
28/10/2025 19:53:40 | Felipe: Livro 'Como fazer uma bomba caseira' emprestado.
28/10/2025 19:53:40 | Felipe: Livro 'Como fazer uma bomba caseira' devolvido.
28/10/2025 19:53:40 | Felipe: Livro 'Billie Jeans' emprestado.
28/10/2025 20:00:02 | Felipe: Livro 'Branca de neve' emprestado.
28/10/2025 20:00:02 | Felipe: Livro 'Tropa de elite' emprestado.
28/10/2025 20:00:02 | Felipe: Livro 'Como fazer uma bomba caseira' emprestado.
28/10/2025 20:00:02 | Felipe: Livro 'Como fazer uma bomba caseira' devolvido.
28/10/2025 20:00:02 | Felipe: Livro 'Billie Jeans' emprestado.
28/10/2025 20:00:16 | Felipe: Livro 'Branca de neve' emprestado.
28/10/2025 20:00:16 | Felipe: Livro 'Tropa de elite' emprestado.
28/10/2025 20:00:16 | Felipe: Livro 'Como fazer uma bomba caseira' emprestado.
28/10/2025 20:00:16 | Felipe: Livro 'Como fazer uma bomba caseira' devolvido.
28/10/2025 20:00:16 | Felipe: Livro 'Billie Jeans' emprestado.
28/10/2025 20:12:05 | Felipe: Livro 'Branca de neve' emprestado.
28/10/2025 20:12:05 | Felipe: Livro 'Tropa de elite' emprestado.
28/10/2025 20:12:05 | Felipe: Livro 'Como fazer uma bomba caseira' emprestado.
28/10/2025 20:12:05 | Felipe: Livro 'Como fazer uma bomba caseira' devolvido.
28/10/2025 20:12:05 | Felipe: Livro 'Billie Jeans' emprestado.
28/10/2025 20:12:14 | Felipe: Livro 'Branca de neve' emprestado.
28/10/2025 20:12:14 | Felipe: Livro 'Tropa de elite' emprestado.
28/10/2025 20:12:14 | Felipe: Livro 'Como fazer uma bomba caseira' emprestado.
28/10/2025 20:12:14 | Felipe: Livro 'Como fazer uma bomba caseira' devolvido.
28/10/2025 20:12:14 | Felipe: Livro 'Billie Jeans' emprestado.
28/10/2025 20:12:22 | Felipe: Livro 'Branca de neve' emprestado.
28/10/2025 20:12:22 | Felipe: Livro 'Tropa de elite' emprestado.
28/10/2025 20:12:22 | Felipe: Livro 'Como fazer uma bomba caseira' emprestado.
28/10/2025 20:12:22 | Felipe: Livro 'Como fazer uma bomba caseira' devolvido.
28/10/2025 20:12:22 | Felipe: Livro 'Billie Jeans' emprestado.
28/10/2025 20:53:46 | Felipe: Livro 'Branca de neve' emprestado.
28/10/2025 20:53:46 | Felipe: Livro 'Tropa de elite' emprestado.
28/10/2025 20:53:46 | Felipe: Livro 'Como fazer uma bomba caseira' emprestado.
28/10/2025 20:53:46 | Felipe: Livro 'Como fazer uma bomba caseira' devolvido.
28/10/2025 20:53:46 | Felipe: Livro 'Billie Jeans' emprestado.
29/10/2025 19:50:56 | Felipe: Livro 'Branca de neve' emprestado.
29/10/2025 19:50:56 | Felipe: Livro 'Tropa de elite' emprestado.
29/10/2025 19:50:56 | Felipe: Livro 'Como fazer uma bomba caseira' emprestado.
29/10/2025 19:50:56 | Felipe: Livro 'Como fazer uma bomba caseira' devolvido.
29/10/2025 19:51:50 | Felipe: Livro 'Branca de neve' emprestado.
29/10/2025 19:51:50 | Felipe: Livro 'Tropa de elite' emprestado.
29/10/2025 19:51:50 | Felipe: Livro 'Como fazer uma bomba caseira' emprestado.
29/10/2025 19:51:50 | Felipe: Livro 'Como fazer uma bomba caseira' devolvido.
29/10/2025 19:52:06 | Felipe: Livro 'Branca de neve' emprestado.
29/10/2025 19:52:06 | Felipe: Livro 'Tropa de elite' emprestado.
29/10/2025 19:52:06 | Felipe: Livro 'Como fazer uma bomba caseira' emprestado.
29/10/2025 19:52:06 | Felipe: Livro 'Como fazer uma bomba caseira' devolvido.
29/10/2025 19:52:13 | Felipe: Livro 'Branca de neve' emprestado.
29/10/2025 19:52:13 | Felipe: Livro 'Tropa de elite' emprestado.
29/10/2025 19:52:13 | Felipe: Livro 'Como fazer uma bomba caseira' emprestado.
29/10/2025 19:52:13 | Felipe: Livro 'Como fazer uma bomba caseira' devolvido.
29/10/2025 19:52:15 | Felipe: Livro 'Branca de neve' emprestado.
29/10/2025 19:52:15 | Felipe: Livro 'Tropa de elite' emprestado.
29/10/2025 19:52:15 | Felipe: Livro 'Como fazer uma bomba caseira' emprestado.
29/10/2025 19:52:15 | Felipe: Livro 'Como fazer uma bomba caseira' devolvido.
29/10/2025 19:53:21 | Felipe: Livro 'Branca de neve' emprestado.
29/10/2025 19:53:21 | Felipe: Livro 'Tropa de elite' emprestado.
29/10/2025 19:53:21 | Felipe: Livro 'Como fazer uma bomba caseira' emprestado.
29/10/2025 19:53:21 | Felipe: Livro 'Como fazer uma bomba caseira' devolvido.
29/10/2025 19:53:21 | Felipe: Livro 'Billie Jeans' emprestado.
29/10/2025 19:55:40 | Felipe: Livro 'Branca de neve' emprestado.
29/10/2025 19:55:40 | Felipe: Livro 'Tropa de elite' emprestado.
29/10/2025 19:55:40 | Felipe: Livro 'Como fazer uma bomba caseira' emprestado.
29/10/2025 19:55:40 | Felipe: Livro 'Como fazer uma bomba caseira' devolvido.
29/10/2025 19:55:40 | Felipe: Livro 'Billie Jeans' emprestado.
29/10/2025 20:01:24 | Felipe: livro 'Branca de neve' emprestado.
29/10/2025 20:01:24 | Felipe: livro 'Tropa de elite' emprestado.
29/10/2025 20:01:24 | Felipe: livro 'Como fazer uma bomba caseira' emprestado.
29/10/2025 20:01:24 | Felipe: Livro 'Como fazer uma bomba caseira' devolvido.
29/10/2025 20:01:24 | Felipe: livro 'Billie Jeans' emprestado.
29/10/2025 20:02:47 | Felipe: livro 'Branca de neve' emprestado.
29/10/2025 20:02:47 | Felipe: livro 'Tropa de elite' emprestado.
29/10/2025 20:02:47 | Felipe: livro 'Como fazer uma bomba caseira' emprestado.
29/10/2025 20:02:47 | Felipe: livro 'Como fazer uma bomba caseira' devolvido.
29/10/2025 20:02:47 | Felipe: livro 'Billie Jeans' emprestado.
29/10/2025 20:06:35 | Felipe: livro 'Branca de neve' emprestado.
29/10/2025 20:06:35 | Felipe: livro 'Tropa de elite' emprestado.
29/10/2025 20:06:35 | Felipe: livro 'Como fazer uma bomba caseira' emprestado.
29/10/2025 20:06:35 | Felipe: livro 'Como fazer uma bomba caseira' devolvido.
29/10/2025 20:06:35 | Felipe: livro 'Billie Jeans' emprestado.
29/10/2025 20:10:10 | Felipe: livro 'Branca de neve' emprestado.
29/10/2025 20:10:10 | Felipe: livro 'Tropa de elite' emprestado.
29/10/2025 20:10:10 | Felipe: livro 'Como fazer uma bomba caseira' emprestado.
29/10/2025 20:10:10 | Felipe: livro 'Como fazer uma bomba caseira' devolvido.
29/10/2025 20:10:10 | Felipe: livro 'Billie Jeans' emprestado.
29/10/2025 20:11:28 | Felipe: livro 'Branca de neve' emprestado.
29/10/2025 20:11:28 | Felipe: livro 'Tropa de elite' emprestado.
29/10/2025 20:11:28 | Felipe: livro 'Como fazer uma bomba caseira' emprestado.
29/10/2025 20:11:28 | Felipe: livro 'Como fazer uma bomba caseira' devolvido.
29/10/2025 20:11:28 | Felipe: livro 'Billie Jeans' emprestado.
29/10/2025 20:12:32 | Felipe: livro 'Branca de neve' emprestado.
29/10/2025 20:12:32 | Felipe: livro 'Tropa de elite' emprestado.
29/10/2025 20:12:32 | Felipe: livro 'Como fazer uma bomba caseira' emprestado.
29/10/2025 20:12:32 | Felipe: livro 'Como fazer uma bomba caseira' devolvido.
29/10/2025 20:12:32 | Felipe: livro 'Billie Jeans' emprestado.
29/10/2025 20:13:28 | Felipe: livro 'Branca de neve' emprestado.
29/10/2025 20:13:28 | Felipe: livro 'Tropa de elite' emprestado.
29/10/2025 20:13:28 | Felipe: livro 'Como fazer uma bomba caseira' emprestado.
29/10/2025 20:13:28 | Felipe: livro 'Como fazer uma bomba caseira' devolvido.
29/10/2025 20:13:28 | Felipe: livro 'Billie Jeans' emprestado.
29/10/2025 20:15:33 | Felipe: livro 'Branca de neve' emprestado.
29/10/2025 20:15:33 | Felipe: livro 'Tropa de elite' emprestado.
29/10/2025 20:15:33 | Felipe: livro 'Como fazer uma bomba caseira' emprestado.
29/10/2025 20:15:33 | Felipe: livro 'Como fazer uma bomba caseira' devolvido.
29/10/2025 20:15:33 | Felipe: livro 'Billie Jeans' emprestado.
29/10/2025 20:52:46 | Felipe: livro 'Branca de neve' emprestado.
29/10/2025 20:52:46 | Felipe: livro 'Tropa de elite' emprestado.
29/10/2025 20:52:46 | Felipe: livro 'Como fazer uma bomba caseira' emprestado.
29/10/2025 20:52:46 | Felipe: livro 'Como fazer uma bomba caseira' devolvido.
29/10/2025 20:52:46 | Felipe: livro 'Billie Jeans' emprestado.
29/10/2025 20:54:20 | Felipe: livro 'Branca de neve' emprestado.
29/10/2025 20:54:20 | Felipe: livro 'Tropa de elite' emprestado.
29/10/2025 20:54:20 | Felipe: livro 'Como fazer uma bomba caseira' emprestado.
29/10/2025 20:54:20 | Felipe: livro 'Como fazer uma bomba caseira' devolvido.
29/10/2025 20:54:20 | Felipe: livro 'Billie Jeans' emprestado.
29/10/2025 20:54:47 | Felipe: livro 'Branca de neve' emprestado.
29/10/2025 20:54:47 | Felipe: livro 'Tropa de elite' emprestado.
29/10/2025 20:54:47 | Felipe: livro 'Como fazer uma bomba caseira' emprestado.
29/10/2025 20:54:47 | Felipe: livro 'Como fazer uma bomba caseira' devolvido.
29/10/2025 20:54:47 | Felipe: livro 'Billie Jeans' emprestado.
29/10/2025 20:57:08 | Felipe: livro 'Branca de neve' emprestado.
29/10/2025 20:57:08 | Felipe: livro 'Tropa de elite' emprestado.
29/10/2025 20:57:08 | Felipe: livro 'Como fazer uma bomba caseira' emprestado.
29/10/2025 20:57:08 | Felipe: livro 'Como fazer uma bomba caseira' devolvido.
29/10/2025 20:57:08 | Felipe: livro 'Billie Jeans' emprestado.
29/10/2025 20:57:48 | Felipe: livro 'Branca de neve' emprestado.
29/10/2025 20:57:48 | Felipe: livro 'Tropa de elite' emprestado.
29/10/2025 20:57:48 | Felipe: livro 'Como fazer uma bomba caseira' emprestado.
29/10/2025 20:57:48 | Felipe: livro 'Como fazer uma bomba caseira' devolvido.
29/10/2025 20:57:48 | Felipe: livro 'Billie Jeans' emprestado.
29/10/2025 20:58:17 | Felipe: livro 'Branca de neve' emprestado.
29/10/2025 20:58:17 | Felipe: livro 'Tropa de elite' emprestado.
29/10/2025 20:58:17 | Felipe: livro 'Como fazer uma bomba caseira' emprestado.
29/10/2025 20:58:17 | Felipe: livro 'Como fazer uma bomba caseira' devolvido.
29/10/2025 20:58:17 | Felipe: livro 'Billie Jeans' emprestado.
29/10/2025 20:59:08 | Felipe: livro 'Branca de neve' emprestado.
29/10/2025 20:59:08 | Felipe: livro 'Tropa de elite' emprestado.
29/10/2025 20:59:08 | Felipe: livro 'Como fazer uma bomba caseira' emprestado.
29/10/2025 20:59:08 | Pedro: midia digital 'Nemo' emprestado.
29/10/2025 20:59:08 | Felipe: livro 'Como fazer uma bomba caseira' devolvido.
29/10/2025 20:59:08 | Felipe: livro 'Billie Jeans' emprestado.
29/10/2025 20:59:08 | Pedro: livro 'Como fazer uma bomba caseira' emprestado.
